Using pre-set license
Built from '2020.3/release' branch; Version is '2020.3.7f1 (dd97f2c94397) revision 14522354'; Using compiler version '192528614'; Build Type 'Release'
OS: 'Windows 10 Enterprise; OS build 19042.1706; Version 2009; 64bit' Language: 'en' Physical Memory: 32711 MB
BatchMode: 1, IsHumanControllingUs: 0, StartBugReporterOnCrash: 0, Is64bit: 1, IsPro: 0

 COMMAND LINE ARGUMENTS:
C:\Program Files\Unity\Hub\Editor\2020.3.7f1\Editor\Unity.exe
-adb2
-batchMode
-noUpm
-name
AssetImportWorker0
-projectPath
C:/Users/HMI/Desktop/Skin/UT_skin/Unity/Skin_Tessier
-logFile
Logs/AssetImportWorker0.log
-srvPort
54276
Successfully changed project path to: C:/Users/HMI/Desktop/Skin/UT_skin/Unity/Skin_Tessier
C:/Users/HMI/Desktop/Skin/UT_skin/Unity/Skin_Tessier
Using Asset Import Pipeline V2.
Refreshing native plugins compatible for Editor in 24.39 ms, found 1 plugins.
Preloading 0 native plugins for Editor in 0.00 ms.
Initialize engine version: 2020.3.7f1 (dd97f2c94397)
[Subsystems] Discovering subsystems at path C:/Program Files/Unity/Hub/Editor/2020.3.7f1/Editor/Data/Resources/UnitySubsystems
[Subsystems] Discovering subsystems at path C:/Users/HMI/Desktop/Skin/UT_skin/Unity/Skin_Tessier/Assets
GfxDevice: creating device client; threaded=0
Direct3D:
    Version:  Direct3D 11.0 [level 11.1]
    Renderer: NVIDIA GeForce RTX 2080 Ti (ID=0x1e07)
    Vendor:   
    VRAM:     11048 MB
    Driver:   27.21.14.5671
Initialize mono
Mono path[0] = 'C:/Program Files/Unity/Hub/Editor/2020.3.7f1/Editor/Data/Managed'
Mono path[1] = 'C:/Program Files/Unity/Hub/Editor/2020.3.7f1/Editor/Data/MonoBleedingEdge/lib/mono/unityjit'
Mono config path = 'C:/Program Files/Unity/Hub/Editor/2020.3.7f1/Editor/Data/MonoBleedingEdge/etc'
Using monoOptions --debugger-agent=transport=dt_socket,embedding=1,server=y,suspend=n,address=127.0.0.1:56916
Begin MonoManager ReloadAssembly
Registering precompiled unity dll's ...
Register platform support module: C:/Program Files/Unity/Hub/Editor/2020.3.7f1/Editor/Data/PlaybackEngines/WindowsStandaloneSupport/UnityEditor.WindowsStandalone.Extensions.dll
Registered in 0.001443 seconds.
Native extension for WindowsStandalone target not found
Refreshing native plugins compatible for Editor in 23.33 ms, found 1 plugins.
Preloading 0 native plugins for Editor in 0.00 ms.
Mono: successfully reloaded assembly
- Completed reload, in  0.825 seconds
Platform modules already initialized, skipping
Registering precompiled user dll's ...
Registered in 0.000939 seconds.
Begin MonoManager ReloadAssembly
Native extension for WindowsStandalone target not found
Refreshing native plugins compatible for Editor in 0.29 ms, found 1 plugins.
Preloading 0 native plugins for Editor in 0.00 ms.
Mono: successfully reloaded assembly
- Completed reload, in  0.644 seconds
Platform modules already initialized, skipping
========================================================================
Worker process is ready to serve import requests
Launched and connected shader compiler UnityShaderCompiler.exe after 0.03 seconds
Refreshing native plugins compatible for Editor in 0.29 ms, found 1 plugins.
Preloading 0 native plugins for Editor in 0.00 ms.
Unloading 1187 Unused Serialized files (Serialized files now loaded: 0)
System memory in use before: 59.2 MB.
System memory in use after: 59.3 MB.

Unloading 18 unused Assets to reduce memory usage. Loaded Objects now: 1621.
Total: 1.737900 ms (FindLiveObjects: 0.182400 ms CreateObjectMapping: 0.031600 ms MarkObjects: 1.449500 ms  DeleteObjects: 0.072700 ms)

========================================================================
Received Import Request.
  path: Assets/Bhaptics/SDK/Scripts/Bhaptics_Setup.cs
  artifactKey: Guid(6b0fc088f1a239b409782902be7eb049) Importer(815301076,1909f56bfc062723c751e8b465ee728b)
Start importing Assets/Bhaptics/SDK/Scripts/Bhaptics_Setup.cs using Guid(6b0fc088f1a239b409782902be7eb049) Importer(815301076,1909f56bfc062723c751e8b465ee728b)  -> (artifact id: '1de0ca260f0fa170b2f7addc3d10402b') in 0.022063 seconds
  Import took 0.023742 seconds .

AssetImportWorkerClient::OnTransportError - code=2 error=End of file
